{
  error: PrismaClientKnownRequestError: 
  Invalid `db.article.update()` invocation in
  /Users/zyd/Documents/code/mine/express-blog/src/models/article.model.ts:52:27
  
    49 }
    50 
    51 public async update(id: number, data: Prisma.ArticleUpdateInput): Promise<Article> {
  → 52 	return await db.article.update(
  Unique constraint failed on the constraint: `PRIMARY`
      at Pn.handleRequestError (/Users/zyd/Documents/code/mine/express-blog/node_modules/@prisma/client/runtime/library.js:171:6929)
      at Pn.handleAndLogRequestError (/Users/zyd/Documents/code/mine/express-blog/node_modules/@prisma/client/runtime/library.js:171:6358)
      at Pn.request (/Users/zyd/Documents/code/mine/express-blog/node_modules/@prisma/client/runtime/library.js:171:6237) {
    code: 'P2002',
    clientVersion: '4.14.1',
    meta: { target: 'PRIMARY' }
  },
  level: 'error',
  message: 'unhandledRejection: \n' +
    'Invalid `db.article.update()` invocation in\n' +
    '/Users/zyd/Documents/code/mine/express-blog/src/models/article.model.ts:52:27\n' +
    '\n' +
    '  49 }\n' +
    '  50 \n' +
    '  51 public async update(id: number, data: Prisma.ArticleUpdateInput): Promise<Article> {\n' +
    '→ 52 \treturn await db.article.update(\n' +
    'Unique constraint failed on the constraint: `PRIMARY`\n' +
    'Error: \n' +
    'Invalid `db.article.update()` invocation in\n' +
    '/Users/zyd/Documents/code/mine/express-blog/src/models/article.model.ts:52:27\n' +
    '\n' +
    '  49 }\n' +
    '  50 \n' +
    '  51 public async update(id: number, data: Prisma.ArticleUpdateInput): Promise<Article> {\n' +
    '→ 52 \treturn await db.article.update(\n' +
    'Unique constraint failed on the constraint: `PRIMARY`\n' +
    '    at Pn.handleRequestError (/Users/zyd/Documents/code/mine/express-blog/node_modules/@prisma/client/runtime/library.js:171:6929)\n' +
    '    at Pn.handleAndLogRequestError (/Users/zyd/Documents/code/mine/express-blog/node_modules/@prisma/client/runtime/library.js:171:6358)\n' +
    '    at Pn.request (/Users/zyd/Documents/code/mine/express-blog/node_modules/@prisma/client/runtime/library.js:171:6237)',
  stack: 'Error: \n' +
    'Invalid `db.article.update()` invocation in\n' +
    '/Users/zyd/Documents/code/mine/express-blog/src/models/article.model.ts:52:27\n' +
    '\n' +
    '  49 }\n' +
    '  50 \n' +
    '  51 public async update(id: number, data: Prisma.ArticleUpdateInput): Promise<Article> {\n' +
    '→ 52 \treturn await db.article.update(\n' +
    'Unique constraint failed on the constraint: `PRIMARY`\n' +
    '    at Pn.handleRequestError (/Users/zyd/Documents/code/mine/express-blog/node_modules/@prisma/client/runtime/library.js:171:6929)\n' +
    '    at Pn.handleAndLogRequestError (/Users/zyd/Documents/code/mine/express-blog/node_modules/@prisma/client/runtime/library.js:171:6358)\n' +
    '    at Pn.request (/Users/zyd/Documents/code/mine/express-blog/node_modules/@prisma/client/runtime/library.js:171:6237)',
  exception: true,
  date: 'Wed Jun 07 2023 23:14:23 GMT+0800 (中国标准时间)',
  process: {
    pid: 70243,
    uid: 501,
    gid: 20,
    cwd: '/Users/zyd/Documents/code/mine/express-blog',
    execPath: '/opt/homebrew/Cellar/node/20.2.0/bin/node',
    version: 'v20.2.0',
    argv: [
      '/Users/zyd/Documents/code/mine/express-blog/node_modules/.bin/ts-node',
      '/Users/zyd/Documents/code/mine/express-blog/src/app.ts'
    ],
    memoryUsage: {
      rss: 282771456,
      heapTotal: 190316544,
      heapUsed: 160169256,
      external: 5284837,
      arrayBuffers: 2568214
    }
  },
  os: { loadavg: [ 1.953125, 1.6826171875, 1.619140625 ], uptime: 1908391 },
  trace: [
    {
      column: 6929,
      file: '/Users/zyd/Documents/code/mine/express-blog/node_modules/@prisma/client/runtime/library.js',
      function: 'Pn.handleRequestError',
      line: 171,
      method: 'handleRequestError',
      native: false
    },
    {
      column: 6358,
      file: '/Users/zyd/Documents/code/mine/express-blog/node_modules/@prisma/client/runtime/library.js',
      function: 'Pn.handleAndLogRequestError',
      line: 171,
      method: 'handleAndLogRequestError',
      native: false
    },
    {
      column: 6237,
      file: '/Users/zyd/Documents/code/mine/express-blog/node_modules/@prisma/client/runtime/library.js',
      function: 'Pn.request',
      line: 171,
      method: 'request',
      native: false
    }
  ],
  timestamp: '2023-06-07T15:14:23.837Z'
}
{
  error: PrismaClientKnownRequestError: 
  Invalid `db.article.update()` invocation in
  /Users/zyd/Documents/code/mine/express-blog/src/models/article.model.ts:52:27
  
    49 }
    50 
    51 public async update(id: number, data: Prisma.ArticleUpdateInput): Promise<Article> {
  → 52 	return await db.article.update(
  Unique constraint failed on the constraint: `PRIMARY`
      at Pn.handleRequestError (/Users/zyd/Documents/code/mine/express-blog/node_modules/@prisma/client/runtime/library.js:171:6929)
      at Pn.handleAndLogRequestError (/Users/zyd/Documents/code/mine/express-blog/node_modules/@prisma/client/runtime/library.js:171:6358)
      at Pn.request (/Users/zyd/Documents/code/mine/express-blog/node_modules/@prisma/client/runtime/library.js:171:6237) {
    code: 'P2002',
    clientVersion: '4.14.1',
    meta: { target: 'PRIMARY' }
  },
  level: 'error',
  message: 'unhandledRejection: \n' +
    'Invalid `db.article.update()` invocation in\n' +
    '/Users/zyd/Documents/code/mine/express-blog/src/models/article.model.ts:52:27\n' +
    '\n' +
    '  49 }\n' +
    '  50 \n' +
    '  51 public async update(id: number, data: Prisma.ArticleUpdateInput): Promise<Article> {\n' +
    '→ 52 \treturn await db.article.update(\n' +
    'Unique constraint failed on the constraint: `PRIMARY`\n' +
    'Error: \n' +
    'Invalid `db.article.update()` invocation in\n' +
    '/Users/zyd/Documents/code/mine/express-blog/src/models/article.model.ts:52:27\n' +
    '\n' +
    '  49 }\n' +
    '  50 \n' +
    '  51 public async update(id: number, data: Prisma.ArticleUpdateInput): Promise<Article> {\n' +
    '→ 52 \treturn await db.article.update(\n' +
    'Unique constraint failed on the constraint: `PRIMARY`\n' +
    '    at Pn.handleRequestError (/Users/zyd/Documents/code/mine/express-blog/node_modules/@prisma/client/runtime/library.js:171:6929)\n' +
    '    at Pn.handleAndLogRequestError (/Users/zyd/Documents/code/mine/express-blog/node_modules/@prisma/client/runtime/library.js:171:6358)\n' +
    '    at Pn.request (/Users/zyd/Documents/code/mine/express-blog/node_modules/@prisma/client/runtime/library.js:171:6237)',
  stack: 'Error: \n' +
    'Invalid `db.article.update()` invocation in\n' +
    '/Users/zyd/Documents/code/mine/express-blog/src/models/article.model.ts:52:27\n' +
    '\n' +
    '  49 }\n' +
    '  50 \n' +
    '  51 public async update(id: number, data: Prisma.ArticleUpdateInput): Promise<Article> {\n' +
    '→ 52 \treturn await db.article.update(\n' +
    'Unique constraint failed on the constraint: `PRIMARY`\n' +
    '    at Pn.handleRequestError (/Users/zyd/Documents/code/mine/express-blog/node_modules/@prisma/client/runtime/library.js:171:6929)\n' +
    '    at Pn.handleAndLogRequestError (/Users/zyd/Documents/code/mine/express-blog/node_modules/@prisma/client/runtime/library.js:171:6358)\n' +
    '    at Pn.request (/Users/zyd/Documents/code/mine/express-blog/node_modules/@prisma/client/runtime/library.js:171:6237)',
  exception: true,
  date: 'Wed Jun 07 2023 23:14:23 GMT+0800 (中国标准时间)',
  process: {
    pid: 70243,
    uid: 501,
    gid: 20,
    cwd: '/Users/zyd/Documents/code/mine/express-blog',
    execPath: '/opt/homebrew/Cellar/node/20.2.0/bin/node',
    version: 'v20.2.0',
    argv: [
      '/Users/zyd/Documents/code/mine/express-blog/node_modules/.bin/ts-node',
      '/Users/zyd/Documents/code/mine/express-blog/src/app.ts'
    ],
    memoryUsage: {
      rss: 282771456,
      heapTotal: 190316544,
      heapUsed: 160169256,
      external: 5284837,
      arrayBuffers: 2568214
    }
  },
  os: { loadavg: [ 1.953125, 1.6826171875, 1.619140625 ], uptime: 1908391 },
  trace: [
    {
      column: 6929,
      file: '/Users/zyd/Documents/code/mine/express-blog/node_modules/@prisma/client/runtime/library.js',
      function: 'Pn.handleRequestError',
      line: 171,
      method: 'handleRequestError',
      native: false
    },
    {
      column: 6358,
      file: '/Users/zyd/Documents/code/mine/express-blog/node_modules/@prisma/client/runtime/library.js',
      function: 'Pn.handleAndLogRequestError',
      line: 171,
      method: 'handleAndLogRequestError',
      native: false
    },
    {
      column: 6237,
      file: '/Users/zyd/Documents/code/mine/express-blog/node_modules/@prisma/client/runtime/library.js',
      function: 'Pn.request',
      line: 171,
      method: 'request',
      native: false
    }
  ],
  timestamp: '2023-06-07T15:14:23.837Z'
}
{
  error: PrismaClientKnownRequestError: 
  Invalid `db.article.update()` invocation in
  /Users/zyd/Documents/code/mine/express-blog/src/models/article.model.ts:52:27
  
    49 }
    50 
    51 public async update(id: number, data: Prisma.ArticleUpdateInput): Promise<Article> {
  → 52 	return await db.article.update(
  Unique constraint failed on the constraint: `PRIMARY`
      at Pn.handleRequestError (/Users/zyd/Documents/code/mine/express-blog/node_modules/@prisma/client/runtime/library.js:171:6929)
      at Pn.handleAndLogRequestError (/Users/zyd/Documents/code/mine/express-blog/node_modules/@prisma/client/runtime/library.js:171:6358)
      at Pn.request (/Users/zyd/Documents/code/mine/express-blog/node_modules/@prisma/client/runtime/library.js:171:6237) {
    code: 'P2002',
    clientVersion: '4.14.1',
    meta: { target: 'PRIMARY' }
  },
  level: 'error',
  message: 'unhandledRejection: \n' +
    'Invalid `db.article.update()` invocation in\n' +
    '/Users/zyd/Documents/code/mine/express-blog/src/models/article.model.ts:52:27\n' +
    '\n' +
    '  49 }\n' +
    '  50 \n' +
    '  51 public async update(id: number, data: Prisma.ArticleUpdateInput): Promise<Article> {\n' +
    '→ 52 \treturn await db.article.update(\n' +
    'Unique constraint failed on the constraint: `PRIMARY`\n' +
    'Error: \n' +
    'Invalid `db.article.update()` invocation in\n' +
    '/Users/zyd/Documents/code/mine/express-blog/src/models/article.model.ts:52:27\n' +
    '\n' +
    '  49 }\n' +
    '  50 \n' +
    '  51 public async update(id: number, data: Prisma.ArticleUpdateInput): Promise<Article> {\n' +
    '→ 52 \treturn await db.article.update(\n' +
    'Unique constraint failed on the constraint: `PRIMARY`\n' +
    '    at Pn.handleRequestError (/Users/zyd/Documents/code/mine/express-blog/node_modules/@prisma/client/runtime/library.js:171:6929)\n' +
    '    at Pn.handleAndLogRequestError (/Users/zyd/Documents/code/mine/express-blog/node_modules/@prisma/client/runtime/library.js:171:6358)\n' +
    '    at Pn.request (/Users/zyd/Documents/code/mine/express-blog/node_modules/@prisma/client/runtime/library.js:171:6237)',
  stack: 'Error: \n' +
    'Invalid `db.article.update()` invocation in\n' +
    '/Users/zyd/Documents/code/mine/express-blog/src/models/article.model.ts:52:27\n' +
    '\n' +
    '  49 }\n' +
    '  50 \n' +
    '  51 public async update(id: number, data: Prisma.ArticleUpdateInput): Promise<Article> {\n' +
    '→ 52 \treturn await db.article.update(\n' +
    'Unique constraint failed on the constraint: `PRIMARY`\n' +
    '    at Pn.handleRequestError (/Users/zyd/Documents/code/mine/express-blog/node_modules/@prisma/client/runtime/library.js:171:6929)\n' +
    '    at Pn.handleAndLogRequestError (/Users/zyd/Documents/code/mine/express-blog/node_modules/@prisma/client/runtime/library.js:171:6358)\n' +
    '    at Pn.request (/Users/zyd/Documents/code/mine/express-blog/node_modules/@prisma/client/runtime/library.js:171:6237)',
  exception: true,
  date: 'Wed Jun 07 2023 23:14:23 GMT+0800 (中国标准时间)',
  process: {
    pid: 70243,
    uid: 501,
    gid: 20,
    cwd: '/Users/zyd/Documents/code/mine/express-blog',
    execPath: '/opt/homebrew/Cellar/node/20.2.0/bin/node',
    version: 'v20.2.0',
    argv: [
      '/Users/zyd/Documents/code/mine/express-blog/node_modules/.bin/ts-node',
      '/Users/zyd/Documents/code/mine/express-blog/src/app.ts'
    ],
    memoryUsage: {
      rss: 282771456,
      heapTotal: 190316544,
      heapUsed: 160169256,
      external: 5284837,
      arrayBuffers: 2568214
    }
  },
  os: { loadavg: [ 1.953125, 1.6826171875, 1.619140625 ], uptime: 1908391 },
  trace: [
    {
      column: 6929,
      file: '/Users/zyd/Documents/code/mine/express-blog/node_modules/@prisma/client/runtime/library.js',
      function: 'Pn.handleRequestError',
      line: 171,
      method: 'handleRequestError',
      native: false
    },
    {
      column: 6358,
      file: '/Users/zyd/Documents/code/mine/express-blog/node_modules/@prisma/client/runtime/library.js',
      function: 'Pn.handleAndLogRequestError',
      line: 171,
      method: 'handleAndLogRequestError',
      native: false
    },
    {
      column: 6237,
      file: '/Users/zyd/Documents/code/mine/express-blog/node_modules/@prisma/client/runtime/library.js',
      function: 'Pn.request',
      line: 171,
      method: 'request',
      native: false
    }
  ],
  timestamp: '2023-06-07T15:14:23.837Z'
}
{
  error: PrismaClientKnownRequestError: 
  Invalid `db.article.update()` invocation in
  /Users/zyd/Documents/code/mine/express-blog/src/models/article.model.ts:52:27
  
    49 }
    50 
    51 public async update(id: number, data: Prisma.ArticleUpdateInput): Promise<Article> {
  → 52 	return await db.article.update(
  Unique constraint failed on the constraint: `PRIMARY`
      at Pn.handleRequestError (/Users/zyd/Documents/code/mine/express-blog/node_modules/@prisma/client/runtime/library.js:171:6929)
      at Pn.handleAndLogRequestError (/Users/zyd/Documents/code/mine/express-blog/node_modules/@prisma/client/runtime/library.js:171:6358)
      at Pn.request (/Users/zyd/Documents/code/mine/express-blog/node_modules/@prisma/client/runtime/library.js:171:6237) {
    code: 'P2002',
    clientVersion: '4.14.1',
    meta: { target: 'PRIMARY' }
  },
  level: 'error',
  message: 'unhandledRejection: \n' +
    'Invalid `db.article.update()` invocation in\n' +
    '/Users/zyd/Documents/code/mine/express-blog/src/models/article.model.ts:52:27\n' +
    '\n' +
    '  49 }\n' +
    '  50 \n' +
    '  51 public async update(id: number, data: Prisma.ArticleUpdateInput): Promise<Article> {\n' +
    '→ 52 \treturn await db.article.update(\n' +
    'Unique constraint failed on the constraint: `PRIMARY`\n' +
    'Error: \n' +
    'Invalid `db.article.update()` invocation in\n' +
    '/Users/zyd/Documents/code/mine/express-blog/src/models/article.model.ts:52:27\n' +
    '\n' +
    '  49 }\n' +
    '  50 \n' +
    '  51 public async update(id: number, data: Prisma.ArticleUpdateInput): Promise<Article> {\n' +
    '→ 52 \treturn await db.article.update(\n' +
    'Unique constraint failed on the constraint: `PRIMARY`\n' +
    '    at Pn.handleRequestError (/Users/zyd/Documents/code/mine/express-blog/node_modules/@prisma/client/runtime/library.js:171:6929)\n' +
    '    at Pn.handleAndLogRequestError (/Users/zyd/Documents/code/mine/express-blog/node_modules/@prisma/client/runtime/library.js:171:6358)\n' +
    '    at Pn.request (/Users/zyd/Documents/code/mine/express-blog/node_modules/@prisma/client/runtime/library.js:171:6237)',
  stack: 'Error: \n' +
    'Invalid `db.article.update()` invocation in\n' +
    '/Users/zyd/Documents/code/mine/express-blog/src/models/article.model.ts:52:27\n' +
    '\n' +
    '  49 }\n' +
    '  50 \n' +
    '  51 public async update(id: number, data: Prisma.ArticleUpdateInput): Promise<Article> {\n' +
    '→ 52 \treturn await db.article.update(\n' +
    'Unique constraint failed on the constraint: `PRIMARY`\n' +
    '    at Pn.handleRequestError (/Users/zyd/Documents/code/mine/express-blog/node_modules/@prisma/client/runtime/library.js:171:6929)\n' +
    '    at Pn.handleAndLogRequestError (/Users/zyd/Documents/code/mine/express-blog/node_modules/@prisma/client/runtime/library.js:171:6358)\n' +
    '    at Pn.request (/Users/zyd/Documents/code/mine/express-blog/node_modules/@prisma/client/runtime/library.js:171:6237)',
  exception: true,
  date: 'Wed Jun 07 2023 23:15:29 GMT+0800 (中国标准时间)',
  process: {
    pid: 70308,
    uid: 501,
    gid: 20,
    cwd: '/Users/zyd/Documents/code/mine/express-blog',
    execPath: '/opt/homebrew/Cellar/node/20.2.0/bin/node',
    version: 'v20.2.0',
    argv: [
      '/Users/zyd/Documents/code/mine/express-blog/node_modules/.bin/ts-node',
      '/Users/zyd/Documents/code/mine/express-blog/src/app.ts'
    ],
    memoryUsage: {
      rss: 284065792,
      heapTotal: 190316544,
      heapUsed: 159954064,
      external: 5280408,
      arrayBuffers: 2563785
    }
  },
  os: {
    loadavg: [ 1.90673828125, 1.67626953125, 1.615234375 ],
    uptime: 1908457
  },
  trace: [
    {
      column: 6929,
      file: '/Users/zyd/Documents/code/mine/express-blog/node_modules/@prisma/client/runtime/library.js',
      function: 'Pn.handleRequestError',
      line: 171,
      method: 'handleRequestError',
      native: false
    },
    {
      column: 6358,
      file: '/Users/zyd/Documents/code/mine/express-blog/node_modules/@prisma/client/runtime/library.js',
      function: 'Pn.handleAndLogRequestError',
      line: 171,
      method: 'handleAndLogRequestError',
      native: false
    },
    {
      column: 6237,
      file: '/Users/zyd/Documents/code/mine/express-blog/node_modules/@prisma/client/runtime/library.js',
      function: 'Pn.request',
      line: 171,
      method: 'request',
      native: false
    }
  ],
  timestamp: '2023-06-07T15:15:29.276Z'
}
{
  error: PrismaClientKnownRequestError: 
  Invalid `db.article.update()` invocation in
  /Users/zyd/Documents/code/mine/express-blog/src/models/article.model.ts:52:27
  
    49 }
    50 
    51 public async update(id: number, data: Prisma.ArticleUpdateInput): Promise<Article> {
  → 52 	return await db.article.update(
  Unique constraint failed on the constraint: `PRIMARY`
      at Pn.handleRequestError (/Users/zyd/Documents/code/mine/express-blog/node_modules/@prisma/client/runtime/library.js:171:6929)
      at Pn.handleAndLogRequestError (/Users/zyd/Documents/code/mine/express-blog/node_modules/@prisma/client/runtime/library.js:171:6358)
      at Pn.request (/Users/zyd/Documents/code/mine/express-blog/node_modules/@prisma/client/runtime/library.js:171:6237) {
    code: 'P2002',
    clientVersion: '4.14.1',
    meta: { target: 'PRIMARY' }
  },
  level: 'error',
  message: 'unhandledRejection: \n' +
    'Invalid `db.article.update()` invocation in\n' +
    '/Users/zyd/Documents/code/mine/express-blog/src/models/article.model.ts:52:27\n' +
    '\n' +
    '  49 }\n' +
    '  50 \n' +
    '  51 public async update(id: number, data: Prisma.ArticleUpdateInput): Promise<Article> {\n' +
    '→ 52 \treturn await db.article.update(\n' +
    'Unique constraint failed on the constraint: `PRIMARY`\n' +
    'Error: \n' +
    'Invalid `db.article.update()` invocation in\n' +
    '/Users/zyd/Documents/code/mine/express-blog/src/models/article.model.ts:52:27\n' +
    '\n' +
    '  49 }\n' +
    '  50 \n' +
    '  51 public async update(id: number, data: Prisma.ArticleUpdateInput): Promise<Article> {\n' +
    '→ 52 \treturn await db.article.update(\n' +
    'Unique constraint failed on the constraint: `PRIMARY`\n' +
    '    at Pn.handleRequestError (/Users/zyd/Documents/code/mine/express-blog/node_modules/@prisma/client/runtime/library.js:171:6929)\n' +
    '    at Pn.handleAndLogRequestError (/Users/zyd/Documents/code/mine/express-blog/node_modules/@prisma/client/runtime/library.js:171:6358)\n' +
    '    at Pn.request (/Users/zyd/Documents/code/mine/express-blog/node_modules/@prisma/client/runtime/library.js:171:6237)',
  stack: 'Error: \n' +
    'Invalid `db.article.update()` invocation in\n' +
    '/Users/zyd/Documents/code/mine/express-blog/src/models/article.model.ts:52:27\n' +
    '\n' +
    '  49 }\n' +
    '  50 \n' +
    '  51 public async update(id: number, data: Prisma.ArticleUpdateInput): Promise<Article> {\n' +
    '→ 52 \treturn await db.article.update(\n' +
    'Unique constraint failed on the constraint: `PRIMARY`\n' +
    '    at Pn.handleRequestError (/Users/zyd/Documents/code/mine/express-blog/node_modules/@prisma/client/runtime/library.js:171:6929)\n' +
    '    at Pn.handleAndLogRequestError (/Users/zyd/Documents/code/mine/express-blog/node_modules/@prisma/client/runtime/library.js:171:6358)\n' +
    '    at Pn.request (/Users/zyd/Documents/code/mine/express-blog/node_modules/@prisma/client/runtime/library.js:171:6237)',
  exception: true,
  date: 'Wed Jun 07 2023 23:15:29 GMT+0800 (中国标准时间)',
  process: {
    pid: 70308,
    uid: 501,
    gid: 20,
    cwd: '/Users/zyd/Documents/code/mine/express-blog',
    execPath: '/opt/homebrew/Cellar/node/20.2.0/bin/node',
    version: 'v20.2.0',
    argv: [
      '/Users/zyd/Documents/code/mine/express-blog/node_modules/.bin/ts-node',
      '/Users/zyd/Documents/code/mine/express-blog/src/app.ts'
    ],
    memoryUsage: {
      rss: 284065792,
      heapTotal: 190316544,
      heapUsed: 159954064,
      external: 5280408,
      arrayBuffers: 2563785
    }
  },
  os: {
    loadavg: [ 1.90673828125, 1.67626953125, 1.615234375 ],
    uptime: 1908457
  },
  trace: [
    {
      column: 6929,
      file: '/Users/zyd/Documents/code/mine/express-blog/node_modules/@prisma/client/runtime/library.js',
      function: 'Pn.handleRequestError',
      line: 171,
      method: 'handleRequestError',
      native: false
    },
    {
      column: 6358,
      file: '/Users/zyd/Documents/code/mine/express-blog/node_modules/@prisma/client/runtime/library.js',
      function: 'Pn.handleAndLogRequestError',
      line: 171,
      method: 'handleAndLogRequestError',
      native: false
    },
    {
      column: 6237,
      file: '/Users/zyd/Documents/code/mine/express-blog/node_modules/@prisma/client/runtime/library.js',
      function: 'Pn.request',
      line: 171,
      method: 'request',
      native: false
    }
  ],
  timestamp: '2023-06-07T15:15:29.276Z'
}
{
  error: PrismaClientKnownRequestError: 
  Invalid `db.article.update()` invocation in
  /Users/zyd/Documents/code/mine/express-blog/src/models/article.model.ts:52:27
  
    49 }
    50 
    51 public async update(id: number, data: Prisma.ArticleUpdateInput): Promise<Article> {
  → 52 	return await db.article.update(
  Unique constraint failed on the constraint: `PRIMARY`
      at Pn.handleRequestError (/Users/zyd/Documents/code/mine/express-blog/node_modules/@prisma/client/runtime/library.js:171:6929)
      at Pn.handleAndLogRequestError (/Users/zyd/Documents/code/mine/express-blog/node_modules/@prisma/client/runtime/library.js:171:6358)
      at Pn.request (/Users/zyd/Documents/code/mine/express-blog/node_modules/@prisma/client/runtime/library.js:171:6237) {
    code: 'P2002',
    clientVersion: '4.14.1',
    meta: { target: 'PRIMARY' }
  },
  level: 'error',
  message: 'unhandledRejection: \n' +
    'Invalid `db.article.update()` invocation in\n' +
    '/Users/zyd/Documents/code/mine/express-blog/src/models/article.model.ts:52:27\n' +
    '\n' +
    '  49 }\n' +
    '  50 \n' +
    '  51 public async update(id: number, data: Prisma.ArticleUpdateInput): Promise<Article> {\n' +
    '→ 52 \treturn await db.article.update(\n' +
    'Unique constraint failed on the constraint: `PRIMARY`\n' +
    'Error: \n' +
    'Invalid `db.article.update()` invocation in\n' +
    '/Users/zyd/Documents/code/mine/express-blog/src/models/article.model.ts:52:27\n' +
    '\n' +
    '  49 }\n' +
    '  50 \n' +
    '  51 public async update(id: number, data: Prisma.ArticleUpdateInput): Promise<Article> {\n' +
    '→ 52 \treturn await db.article.update(\n' +
    'Unique constraint failed on the constraint: `PRIMARY`\n' +
    '    at Pn.handleRequestError (/Users/zyd/Documents/code/mine/express-blog/node_modules/@prisma/client/runtime/library.js:171:6929)\n' +
    '    at Pn.handleAndLogRequestError (/Users/zyd/Documents/code/mine/express-blog/node_modules/@prisma/client/runtime/library.js:171:6358)\n' +
    '    at Pn.request (/Users/zyd/Documents/code/mine/express-blog/node_modules/@prisma/client/runtime/library.js:171:6237)',
  stack: 'Error: \n' +
    'Invalid `db.article.update()` invocation in\n' +
    '/Users/zyd/Documents/code/mine/express-blog/src/models/article.model.ts:52:27\n' +
    '\n' +
    '  49 }\n' +
    '  50 \n' +
    '  51 public async update(id: number, data: Prisma.ArticleUpdateInput): Promise<Article> {\n' +
    '→ 52 \treturn await db.article.update(\n' +
    'Unique constraint failed on the constraint: `PRIMARY`\n' +
    '    at Pn.handleRequestError (/Users/zyd/Documents/code/mine/express-blog/node_modules/@prisma/client/runtime/library.js:171:6929)\n' +
    '    at Pn.handleAndLogRequestError (/Users/zyd/Documents/code/mine/express-blog/node_modules/@prisma/client/runtime/library.js:171:6358)\n' +
    '    at Pn.request (/Users/zyd/Documents/code/mine/express-blog/node_modules/@prisma/client/runtime/library.js:171:6237)',
  exception: true,
  date: 'Wed Jun 07 2023 23:15:29 GMT+0800 (中国标准时间)',
  process: {
    pid: 70308,
    uid: 501,
    gid: 20,
    cwd: '/Users/zyd/Documents/code/mine/express-blog',
    execPath: '/opt/homebrew/Cellar/node/20.2.0/bin/node',
    version: 'v20.2.0',
    argv: [
      '/Users/zyd/Documents/code/mine/express-blog/node_modules/.bin/ts-node',
      '/Users/zyd/Documents/code/mine/express-blog/src/app.ts'
    ],
    memoryUsage: {
      rss: 284065792,
      heapTotal: 190316544,
      heapUsed: 159954064,
      external: 5280408,
      arrayBuffers: 2563785
    }
  },
  os: {
    loadavg: [ 1.90673828125, 1.67626953125, 1.615234375 ],
    uptime: 1908457
  },
  trace: [
    {
      column: 6929,
      file: '/Users/zyd/Documents/code/mine/express-blog/node_modules/@prisma/client/runtime/library.js',
      function: 'Pn.handleRequestError',
      line: 171,
      method: 'handleRequestError',
      native: false
    },
    {
      column: 6358,
      file: '/Users/zyd/Documents/code/mine/express-blog/node_modules/@prisma/client/runtime/library.js',
      function: 'Pn.handleAndLogRequestError',
      line: 171,
      method: 'handleAndLogRequestError',
      native: false
    },
    {
      column: 6237,
      file: '/Users/zyd/Documents/code/mine/express-blog/node_modules/@prisma/client/runtime/library.js',
      function: 'Pn.request',
      line: 171,
      method: 'request',
      native: false
    }
  ],
  timestamp: '2023-06-07T15:15:29.276Z'
}
{
  error: PrismaClientKnownRequestError: 
  Invalid `db.article.update()` invocation in
  /Users/zyd/Documents/code/mine/express-blog/src/models/article.model.ts:52:27
  
    49 }
    50 
    51 public async update(id: number, data: Prisma.ArticleUpdateInput): Promise<Article> {
  → 52 	return await db.article.update(
  Unique constraint failed on the constraint: `PRIMARY`
      at Pn.handleRequestError (/Users/zyd/Documents/code/mine/express-blog/node_modules/@prisma/client/runtime/library.js:171:6929)
      at Pn.handleAndLogRequestError (/Users/zyd/Documents/code/mine/express-blog/node_modules/@prisma/client/runtime/library.js:171:6358)
      at Pn.request (/Users/zyd/Documents/code/mine/express-blog/node_modules/@prisma/client/runtime/library.js:171:6237) {
    code: 'P2002',
    clientVersion: '4.14.1',
    meta: { target: 'PRIMARY' }
  },
  level: 'error',
  message: 'unhandledRejection: \n' +
    'Invalid `db.article.update()` invocation in\n' +
    '/Users/zyd/Documents/code/mine/express-blog/src/models/article.model.ts:52:27\n' +
    '\n' +
    '  49 }\n' +
    '  50 \n' +
    '  51 public async update(id: number, data: Prisma.ArticleUpdateInput): Promise<Article> {\n' +
    '→ 52 \treturn await db.article.update(\n' +
    'Unique constraint failed on the constraint: `PRIMARY`\n' +
    'Error: \n' +
    'Invalid `db.article.update()` invocation in\n' +
    '/Users/zyd/Documents/code/mine/express-blog/src/models/article.model.ts:52:27\n' +
    '\n' +
    '  49 }\n' +
    '  50 \n' +
    '  51 public async update(id: number, data: Prisma.ArticleUpdateInput): Promise<Article> {\n' +
    '→ 52 \treturn await db.article.update(\n' +
    'Unique constraint failed on the constraint: `PRIMARY`\n' +
    '    at Pn.handleRequestError (/Users/zyd/Documents/code/mine/express-blog/node_modules/@prisma/client/runtime/library.js:171:6929)\n' +
    '    at Pn.handleAndLogRequestError (/Users/zyd/Documents/code/mine/express-blog/node_modules/@prisma/client/runtime/library.js:171:6358)\n' +
    '    at Pn.request (/Users/zyd/Documents/code/mine/express-blog/node_modules/@prisma/client/runtime/library.js:171:6237)',
  stack: 'Error: \n' +
    'Invalid `db.article.update()` invocation in\n' +
    '/Users/zyd/Documents/code/mine/express-blog/src/models/article.model.ts:52:27\n' +
    '\n' +
    '  49 }\n' +
    '  50 \n' +
    '  51 public async update(id: number, data: Prisma.ArticleUpdateInput): Promise<Article> {\n' +
    '→ 52 \treturn await db.article.update(\n' +
    'Unique constraint failed on the constraint: `PRIMARY`\n' +
    '    at Pn.handleRequestError (/Users/zyd/Documents/code/mine/express-blog/node_modules/@prisma/client/runtime/library.js:171:6929)\n' +
    '    at Pn.handleAndLogRequestError (/Users/zyd/Documents/code/mine/express-blog/node_modules/@prisma/client/runtime/library.js:171:6358)\n' +
    '    at Pn.request (/Users/zyd/Documents/code/mine/express-blog/node_modules/@prisma/client/runtime/library.js:171:6237)',
  exception: true,
  date: 'Wed Jun 07 2023 23:17:51 GMT+0800 (中国标准时间)',
  process: {
    pid: 70421,
    uid: 501,
    gid: 20,
    cwd: '/Users/zyd/Documents/code/mine/express-blog',
    execPath: '/opt/homebrew/Cellar/node/20.2.0/bin/node',
    version: 'v20.2.0',
    argv: [
      '/Users/zyd/Documents/code/mine/express-blog/node_modules/.bin/ts-node',
      '/Users/zyd/Documents/code/mine/express-blog/src/app.ts'
    ],
    memoryUsage: {
      rss: 287391744,
      heapTotal: 191774720,
      heapUsed: 162982264,
      external: 6020528,
      arrayBuffers: 3303905
    }
  },
  os: {
    loadavg: [ 1.9580078125, 1.72998046875, 1.63720703125 ],
    uptime: 1908599
  },
  trace: [
    {
      column: 6929,
      file: '/Users/zyd/Documents/code/mine/express-blog/node_modules/@prisma/client/runtime/library.js',
      function: 'Pn.handleRequestError',
      line: 171,
      method: 'handleRequestError',
      native: false
    },
    {
      column: 6358,
      file: '/Users/zyd/Documents/code/mine/express-blog/node_modules/@prisma/client/runtime/library.js',
      function: 'Pn.handleAndLogRequestError',
      line: 171,
      method: 'handleAndLogRequestError',
      native: false
    },
    {
      column: 6237,
      file: '/Users/zyd/Documents/code/mine/express-blog/node_modules/@prisma/client/runtime/library.js',
      function: 'Pn.request',
      line: 171,
      method: 'request',
      native: false
    }
  ],
  timestamp: '2023-06-07T15:17:51.637Z'
}
{
  error: PrismaClientKnownRequestError: 
  Invalid `db.article.update()` invocation in
  /Users/zyd/Documents/code/mine/express-blog/src/models/article.model.ts:52:27
  
    49 }
    50 
    51 public async update(id: number, data: Prisma.ArticleUpdateInput): Promise<Article> {
  → 52 	return await db.article.update(
  Unique constraint failed on the constraint: `PRIMARY`
      at Pn.handleRequestError (/Users/zyd/Documents/code/mine/express-blog/node_modules/@prisma/client/runtime/library.js:171:6929)
      at Pn.handleAndLogRequestError (/Users/zyd/Documents/code/mine/express-blog/node_modules/@prisma/client/runtime/library.js:171:6358)
      at Pn.request (/Users/zyd/Documents/code/mine/express-blog/node_modules/@prisma/client/runtime/library.js:171:6237) {
    code: 'P2002',
    clientVersion: '4.14.1',
    meta: { target: 'PRIMARY' }
  },
  level: 'error',
  message: 'unhandledRejection: \n' +
    'Invalid `db.article.update()` invocation in\n' +
    '/Users/zyd/Documents/code/mine/express-blog/src/models/article.model.ts:52:27\n' +
    '\n' +
    '  49 }\n' +
    '  50 \n' +
    '  51 public async update(id: number, data: Prisma.ArticleUpdateInput): Promise<Article> {\n' +
    '→ 52 \treturn await db.article.update(\n' +
    'Unique constraint failed on the constraint: `PRIMARY`\n' +
    'Error: \n' +
    'Invalid `db.article.update()` invocation in\n' +
    '/Users/zyd/Documents/code/mine/express-blog/src/models/article.model.ts:52:27\n' +
    '\n' +
    '  49 }\n' +
    '  50 \n' +
    '  51 public async update(id: number, data: Prisma.ArticleUpdateInput): Promise<Article> {\n' +
    '→ 52 \treturn await db.article.update(\n' +
    'Unique constraint failed on the constraint: `PRIMARY`\n' +
    '    at Pn.handleRequestError (/Users/zyd/Documents/code/mine/express-blog/node_modules/@prisma/client/runtime/library.js:171:6929)\n' +
    '    at Pn.handleAndLogRequestError (/Users/zyd/Documents/code/mine/express-blog/node_modules/@prisma/client/runtime/library.js:171:6358)\n' +
    '    at Pn.request (/Users/zyd/Documents/code/mine/express-blog/node_modules/@prisma/client/runtime/library.js:171:6237)',
  stack: 'Error: \n' +
    'Invalid `db.article.update()` invocation in\n' +
    '/Users/zyd/Documents/code/mine/express-blog/src/models/article.model.ts:52:27\n' +
    '\n' +
    '  49 }\n' +
    '  50 \n' +
    '  51 public async update(id: number, data: Prisma.ArticleUpdateInput): Promise<Article> {\n' +
    '→ 52 \treturn await db.article.update(\n' +
    'Unique constraint failed on the constraint: `PRIMARY`\n' +
    '    at Pn.handleRequestError (/Users/zyd/Documents/code/mine/express-blog/node_modules/@prisma/client/runtime/library.js:171:6929)\n' +
    '    at Pn.handleAndLogRequestError (/Users/zyd/Documents/code/mine/express-blog/node_modules/@prisma/client/runtime/library.js:171:6358)\n' +
    '    at Pn.request (/Users/zyd/Documents/code/mine/express-blog/node_modules/@prisma/client/runtime/library.js:171:6237)',
  exception: true,
  date: 'Wed Jun 07 2023 23:17:51 GMT+0800 (中国标准时间)',
  process: {
    pid: 70421,
    uid: 501,
    gid: 20,
    cwd: '/Users/zyd/Documents/code/mine/express-blog',
    execPath: '/opt/homebrew/Cellar/node/20.2.0/bin/node',
    version: 'v20.2.0',
    argv: [
      '/Users/zyd/Documents/code/mine/express-blog/node_modules/.bin/ts-node',
      '/Users/zyd/Documents/code/mine/express-blog/src/app.ts'
    ],
    memoryUsage: {
      rss: 287391744,
      heapTotal: 191774720,
      heapUsed: 162982264,
      external: 6020528,
      arrayBuffers: 3303905
    }
  },
  os: {
    loadavg: [ 1.9580078125, 1.72998046875, 1.63720703125 ],
    uptime: 1908599
  },
  trace: [
    {
      column: 6929,
      file: '/Users/zyd/Documents/code/mine/express-blog/node_modules/@prisma/client/runtime/library.js',
      function: 'Pn.handleRequestError',
      line: 171,
      method: 'handleRequestError',
      native: false
    },
    {
      column: 6358,
      file: '/Users/zyd/Documents/code/mine/express-blog/node_modules/@prisma/client/runtime/library.js',
      function: 'Pn.handleAndLogRequestError',
      line: 171,
      method: 'handleAndLogRequestError',
      native: false
    },
    {
      column: 6237,
      file: '/Users/zyd/Documents/code/mine/express-blog/node_modules/@prisma/client/runtime/library.js',
      function: 'Pn.request',
      line: 171,
      method: 'request',
      native: false
    }
  ],
  timestamp: '2023-06-07T15:17:51.637Z'
}
{
  error: PrismaClientKnownRequestError: 
  Invalid `db.article.update()` invocation in
  /Users/zyd/Documents/code/mine/express-blog/src/models/article.model.ts:52:27
  
    49 }
    50 
    51 public async update(id: number, data: Prisma.ArticleUpdateInput): Promise<Article> {
  → 52 	return await db.article.update(
  Unique constraint failed on the constraint: `PRIMARY`
      at Pn.handleRequestError (/Users/zyd/Documents/code/mine/express-blog/node_modules/@prisma/client/runtime/library.js:171:6929)
      at Pn.handleAndLogRequestError (/Users/zyd/Documents/code/mine/express-blog/node_modules/@prisma/client/runtime/library.js:171:6358)
      at Pn.request (/Users/zyd/Documents/code/mine/express-blog/node_modules/@prisma/client/runtime/library.js:171:6237) {
    code: 'P2002',
    clientVersion: '4.14.1',
    meta: { target: 'PRIMARY' }
  },
  level: 'error',
  message: 'unhandledRejection: \n' +
    'Invalid `db.article.update()` invocation in\n' +
    '/Users/zyd/Documents/code/mine/express-blog/src/models/article.model.ts:52:27\n' +
    '\n' +
    '  49 }\n' +
    '  50 \n' +
    '  51 public async update(id: number, data: Prisma.ArticleUpdateInput): Promise<Article> {\n' +
    '→ 52 \treturn await db.article.update(\n' +
    'Unique constraint failed on the constraint: `PRIMARY`\n' +
    'Error: \n' +
    'Invalid `db.article.update()` invocation in\n' +
    '/Users/zyd/Documents/code/mine/express-blog/src/models/article.model.ts:52:27\n' +
    '\n' +
    '  49 }\n' +
    '  50 \n' +
    '  51 public async update(id: number, data: Prisma.ArticleUpdateInput): Promise<Article> {\n' +
    '→ 52 \treturn await db.article.update(\n' +
    'Unique constraint failed on the constraint: `PRIMARY`\n' +
    '    at Pn.handleRequestError (/Users/zyd/Documents/code/mine/express-blog/node_modules/@prisma/client/runtime/library.js:171:6929)\n' +
    '    at Pn.handleAndLogRequestError (/Users/zyd/Documents/code/mine/express-blog/node_modules/@prisma/client/runtime/library.js:171:6358)\n' +
    '    at Pn.request (/Users/zyd/Documents/code/mine/express-blog/node_modules/@prisma/client/runtime/library.js:171:6237)',
  stack: 'Error: \n' +
    'Invalid `db.article.update()` invocation in\n' +
    '/Users/zyd/Documents/code/mine/express-blog/src/models/article.model.ts:52:27\n' +
    '\n' +
    '  49 }\n' +
    '  50 \n' +
    '  51 public async update(id: number, data: Prisma.ArticleUpdateInput): Promise<Article> {\n' +
    '→ 52 \treturn await db.article.update(\n' +
    'Unique constraint failed on the constraint: `PRIMARY`\n' +
    '    at Pn.handleRequestError (/Users/zyd/Documents/code/mine/express-blog/node_modules/@prisma/client/runtime/library.js:171:6929)\n' +
    '    at Pn.handleAndLogRequestError (/Users/zyd/Documents/code/mine/express-blog/node_modules/@prisma/client/runtime/library.js:171:6358)\n' +
    '    at Pn.request (/Users/zyd/Documents/code/mine/express-blog/node_modules/@prisma/client/runtime/library.js:171:6237)',
  exception: true,
  date: 'Wed Jun 07 2023 23:17:51 GMT+0800 (中国标准时间)',
  process: {
    pid: 70421,
    uid: 501,
    gid: 20,
    cwd: '/Users/zyd/Documents/code/mine/express-blog',
    execPath: '/opt/homebrew/Cellar/node/20.2.0/bin/node',
    version: 'v20.2.0',
    argv: [
      '/Users/zyd/Documents/code/mine/express-blog/node_modules/.bin/ts-node',
      '/Users/zyd/Documents/code/mine/express-blog/src/app.ts'
    ],
    memoryUsage: {
      rss: 287391744,
      heapTotal: 191774720,
      heapUsed: 162982264,
      external: 6020528,
      arrayBuffers: 3303905
    }
  },
  os: {
    loadavg: [ 1.9580078125, 1.72998046875, 1.63720703125 ],
    uptime: 1908599
  },
  trace: [
    {
      column: 6929,
      file: '/Users/zyd/Documents/code/mine/express-blog/node_modules/@prisma/client/runtime/library.js',
      function: 'Pn.handleRequestError',
      line: 171,
      method: 'handleRequestError',
      native: false
    },
    {
      column: 6358,
      file: '/Users/zyd/Documents/code/mine/express-blog/node_modules/@prisma/client/runtime/library.js',
      function: 'Pn.handleAndLogRequestError',
      line: 171,
      method: 'handleAndLogRequestError',
      native: false
    },
    {
      column: 6237,
      file: '/Users/zyd/Documents/code/mine/express-blog/node_modules/@prisma/client/runtime/library.js',
      function: 'Pn.request',
      line: 171,
      method: 'request',
      native: false
    }
  ],
  timestamp: '2023-06-07T15:17:51.637Z'
}
{
  error: PrismaClientKnownRequestError: 
  Invalid `db.article.update()` invocation in
  /Users/zyd/Documents/code/mine/express-blog/src/models/article.model.ts:52:27
  
    49 }
    50 
    51 public async update(id: number, data: Prisma.ArticleUpdateInput): Promise<Article> {
  → 52 	return await db.article.update(
  Unique constraint failed on the constraint: `PRIMARY`
      at Pn.handleRequestError (/Users/zyd/Documents/code/mine/express-blog/node_modules/@prisma/client/runtime/library.js:171:6929)
      at Pn.handleAndLogRequestError (/Users/zyd/Documents/code/mine/express-blog/node_modules/@prisma/client/runtime/library.js:171:6358)
      at Pn.request (/Users/zyd/Documents/code/mine/express-blog/node_modules/@prisma/client/runtime/library.js:171:6237) {
    code: 'P2002',
    clientVersion: '4.14.1',
    meta: { target: 'PRIMARY' }
  },
  level: 'error',
  message: 'unhandledRejection: \n' +
    'Invalid `db.article.update()` invocation in\n' +
    '/Users/zyd/Documents/code/mine/express-blog/src/models/article.model.ts:52:27\n' +
    '\n' +
    '  49 }\n' +
    '  50 \n' +
    '  51 public async update(id: number, data: Prisma.ArticleUpdateInput): Promise<Article> {\n' +
    '→ 52 \treturn await db.article.update(\n' +
    'Unique constraint failed on the constraint: `PRIMARY`\n' +
    'Error: \n' +
    'Invalid `db.article.update()` invocation in\n' +
    '/Users/zyd/Documents/code/mine/express-blog/src/models/article.model.ts:52:27\n' +
    '\n' +
    '  49 }\n' +
    '  50 \n' +
    '  51 public async update(id: number, data: Prisma.ArticleUpdateInput): Promise<Article> {\n' +
    '→ 52 \treturn await db.article.update(\n' +
    'Unique constraint failed on the constraint: `PRIMARY`\n' +
    '    at Pn.handleRequestError (/Users/zyd/Documents/code/mine/express-blog/node_modules/@prisma/client/runtime/library.js:171:6929)\n' +
    '    at Pn.handleAndLogRequestError (/Users/zyd/Documents/code/mine/express-blog/node_modules/@prisma/client/runtime/library.js:171:6358)\n' +
    '    at Pn.request (/Users/zyd/Documents/code/mine/express-blog/node_modules/@prisma/client/runtime/library.js:171:6237)',
  stack: 'Error: \n' +
    'Invalid `db.article.update()` invocation in\n' +
    '/Users/zyd/Documents/code/mine/express-blog/src/models/article.model.ts:52:27\n' +
    '\n' +
    '  49 }\n' +
    '  50 \n' +
    '  51 public async update(id: number, data: Prisma.ArticleUpdateInput): Promise<Article> {\n' +
    '→ 52 \treturn await db.article.update(\n' +
    'Unique constraint failed on the constraint: `PRIMARY`\n' +
    '    at Pn.handleRequestError (/Users/zyd/Documents/code/mine/express-blog/node_modules/@prisma/client/runtime/library.js:171:6929)\n' +
    '    at Pn.handleAndLogRequestError (/Users/zyd/Documents/code/mine/express-blog/node_modules/@prisma/client/runtime/library.js:171:6358)\n' +
    '    at Pn.request (/Users/zyd/Documents/code/mine/express-blog/node_modules/@prisma/client/runtime/library.js:171:6237)',
  exception: true,
  date: 'Wed Jun 07 2023 23:22:36 GMT+0800 (中国标准时间)',
  process: {
    pid: 70778,
    uid: 501,
    gid: 20,
    cwd: '/Users/zyd/Documents/code/mine/express-blog',
    execPath: '/opt/homebrew/Cellar/node/20.2.0/bin/node',
    version: 'v20.2.0',
    argv: [
      '/Users/zyd/Documents/code/mine/express-blog/node_modules/.bin/ts-node',
      '/Users/zyd/Documents/code/mine/express-blog/src/app.ts'
    ],
    memoryUsage: {
      rss: 289013760,
      heapTotal: 190316544,
      heapUsed: 159994304,
      external: 5247888,
      arrayBuffers: 2531265
    }
  },
  os: {
    loadavg: [ 1.65576171875, 1.5830078125, 1.5791015625 ],
    uptime: 1908884
  },
  trace: [
    {
      column: 6929,
      file: '/Users/zyd/Documents/code/mine/express-blog/node_modules/@prisma/client/runtime/library.js',
      function: 'Pn.handleRequestError',
      line: 171,
      method: 'handleRequestError',
      native: false
    },
    {
      column: 6358,
      file: '/Users/zyd/Documents/code/mine/express-blog/node_modules/@prisma/client/runtime/library.js',
      function: 'Pn.handleAndLogRequestError',
      line: 171,
      method: 'handleAndLogRequestError',
      native: false
    },
    {
      column: 6237,
      file: '/Users/zyd/Documents/code/mine/express-blog/node_modules/@prisma/client/runtime/library.js',
      function: 'Pn.request',
      line: 171,
      method: 'request',
      native: false
    }
  ],
  timestamp: '2023-06-07T15:22:36.424Z'
}
{
  error: PrismaClientKnownRequestError: 
  Invalid `db.article.update()` invocation in
  /Users/zyd/Documents/code/mine/express-blog/src/models/article.model.ts:52:27
  
    49 }
    50 
    51 public async update(id: number, data: Prisma.ArticleUpdateInput): Promise<Article> {
  → 52 	return await db.article.update(
  Unique constraint failed on the constraint: `PRIMARY`
      at Pn.handleRequestError (/Users/zyd/Documents/code/mine/express-blog/node_modules/@prisma/client/runtime/library.js:171:6929)
      at Pn.handleAndLogRequestError (/Users/zyd/Documents/code/mine/express-blog/node_modules/@prisma/client/runtime/library.js:171:6358)
      at Pn.request (/Users/zyd/Documents/code/mine/express-blog/node_modules/@prisma/client/runtime/library.js:171:6237) {
    code: 'P2002',
    clientVersion: '4.14.1',
    meta: { target: 'PRIMARY' }
  },
  level: 'error',
  message: 'unhandledRejection: \n' +
    'Invalid `db.article.update()` invocation in\n' +
    '/Users/zyd/Documents/code/mine/express-blog/src/models/article.model.ts:52:27\n' +
    '\n' +
    '  49 }\n' +
    '  50 \n' +
    '  51 public async update(id: number, data: Prisma.ArticleUpdateInput): Promise<Article> {\n' +
    '→ 52 \treturn await db.article.update(\n' +
    'Unique constraint failed on the constraint: `PRIMARY`\n' +
    'Error: \n' +
    'Invalid `db.article.update()` invocation in\n' +
    '/Users/zyd/Documents/code/mine/express-blog/src/models/article.model.ts:52:27\n' +
    '\n' +
    '  49 }\n' +
    '  50 \n' +
    '  51 public async update(id: number, data: Prisma.ArticleUpdateInput): Promise<Article> {\n' +
    '→ 52 \treturn await db.article.update(\n' +
    'Unique constraint failed on the constraint: `PRIMARY`\n' +
    '    at Pn.handleRequestError (/Users/zyd/Documents/code/mine/express-blog/node_modules/@prisma/client/runtime/library.js:171:6929)\n' +
    '    at Pn.handleAndLogRequestError (/Users/zyd/Documents/code/mine/express-blog/node_modules/@prisma/client/runtime/library.js:171:6358)\n' +
    '    at Pn.request (/Users/zyd/Documents/code/mine/express-blog/node_modules/@prisma/client/runtime/library.js:171:6237)',
  stack: 'Error: \n' +
    'Invalid `db.article.update()` invocation in\n' +
    '/Users/zyd/Documents/code/mine/express-blog/src/models/article.model.ts:52:27\n' +
    '\n' +
    '  49 }\n' +
    '  50 \n' +
    '  51 public async update(id: number, data: Prisma.ArticleUpdateInput): Promise<Article> {\n' +
    '→ 52 \treturn await db.article.update(\n' +
    'Unique constraint failed on the constraint: `PRIMARY`\n' +
    '    at Pn.handleRequestError (/Users/zyd/Documents/code/mine/express-blog/node_modules/@prisma/client/runtime/library.js:171:6929)\n' +
    '    at Pn.handleAndLogRequestError (/Users/zyd/Documents/code/mine/express-blog/node_modules/@prisma/client/runtime/library.js:171:6358)\n' +
    '    at Pn.request (/Users/zyd/Documents/code/mine/express-blog/node_modules/@prisma/client/runtime/library.js:171:6237)',
  exception: true,
  date: 'Wed Jun 07 2023 23:22:36 GMT+0800 (中国标准时间)',
  process: {
    pid: 70778,
    uid: 501,
    gid: 20,
    cwd: '/Users/zyd/Documents/code/mine/express-blog',
    execPath: '/opt/homebrew/Cellar/node/20.2.0/bin/node',
    version: 'v20.2.0',
    argv: [
      '/Users/zyd/Documents/code/mine/express-blog/node_modules/.bin/ts-node',
      '/Users/zyd/Documents/code/mine/express-blog/src/app.ts'
    ],
    memoryUsage: {
      rss: 289013760,
      heapTotal: 190316544,
      heapUsed: 159994304,
      external: 5247888,
      arrayBuffers: 2531265
    }
  },
  os: {
    loadavg: [ 1.65576171875, 1.5830078125, 1.5791015625 ],
    uptime: 1908884
  },
  trace: [
    {
      column: 6929,
      file: '/Users/zyd/Documents/code/mine/express-blog/node_modules/@prisma/client/runtime/library.js',
      function: 'Pn.handleRequestError',
      line: 171,
      method: 'handleRequestError',
      native: false
    },
    {
      column: 6358,
      file: '/Users/zyd/Documents/code/mine/express-blog/node_modules/@prisma/client/runtime/library.js',
      function: 'Pn.handleAndLogRequestError',
      line: 171,
      method: 'handleAndLogRequestError',
      native: false
    },
    {
      column: 6237,
      file: '/Users/zyd/Documents/code/mine/express-blog/node_modules/@prisma/client/runtime/library.js',
      function: 'Pn.request',
      line: 171,
      method: 'request',
      native: false
    }
  ],
  timestamp: '2023-06-07T15:22:36.424Z'
}
{
  error: PrismaClientKnownRequestError: 
  Invalid `db.article.update()` invocation in
  /Users/zyd/Documents/code/mine/express-blog/src/models/article.model.ts:52:27
  
    49 }
    50 
    51 public async update(id: number, data: Prisma.ArticleUpdateInput): Promise<Article> {
  → 52 	return await db.article.update(
  Unique constraint failed on the constraint: `PRIMARY`
      at Pn.handleRequestError (/Users/zyd/Documents/code/mine/express-blog/node_modules/@prisma/client/runtime/library.js:171:6929)
      at Pn.handleAndLogRequestError (/Users/zyd/Documents/code/mine/express-blog/node_modules/@prisma/client/runtime/library.js:171:6358)
      at Pn.request (/Users/zyd/Documents/code/mine/express-blog/node_modules/@prisma/client/runtime/library.js:171:6237) {
    code: 'P2002',
    clientVersion: '4.14.1',
    meta: { target: 'PRIMARY' }
  },
  level: 'error',
  message: 'unhandledRejection: \n' +
    'Invalid `db.article.update()` invocation in\n' +
    '/Users/zyd/Documents/code/mine/express-blog/src/models/article.model.ts:52:27\n' +
    '\n' +
    '  49 }\n' +
    '  50 \n' +
    '  51 public async update(id: number, data: Prisma.ArticleUpdateInput): Promise<Article> {\n' +
    '→ 52 \treturn await db.article.update(\n' +
    'Unique constraint failed on the constraint: `PRIMARY`\n' +
    'Error: \n' +
    'Invalid `db.article.update()` invocation in\n' +
    '/Users/zyd/Documents/code/mine/express-blog/src/models/article.model.ts:52:27\n' +
    '\n' +
    '  49 }\n' +
    '  50 \n' +
    '  51 public async update(id: number, data: Prisma.ArticleUpdateInput): Promise<Article> {\n' +
    '→ 52 \treturn await db.article.update(\n' +
    'Unique constraint failed on the constraint: `PRIMARY`\n' +
    '    at Pn.handleRequestError (/Users/zyd/Documents/code/mine/express-blog/node_modules/@prisma/client/runtime/library.js:171:6929)\n' +
    '    at Pn.handleAndLogRequestError (/Users/zyd/Documents/code/mine/express-blog/node_modules/@prisma/client/runtime/library.js:171:6358)\n' +
    '    at Pn.request (/Users/zyd/Documents/code/mine/express-blog/node_modules/@prisma/client/runtime/library.js:171:6237)',
  stack: 'Error: \n' +
    'Invalid `db.article.update()` invocation in\n' +
    '/Users/zyd/Documents/code/mine/express-blog/src/models/article.model.ts:52:27\n' +
    '\n' +
    '  49 }\n' +
    '  50 \n' +
    '  51 public async update(id: number, data: Prisma.ArticleUpdateInput): Promise<Article> {\n' +
    '→ 52 \treturn await db.article.update(\n' +
    'Unique constraint failed on the constraint: `PRIMARY`\n' +
    '    at Pn.handleRequestError (/Users/zyd/Documents/code/mine/express-blog/node_modules/@prisma/client/runtime/library.js:171:6929)\n' +
    '    at Pn.handleAndLogRequestError (/Users/zyd/Documents/code/mine/express-blog/node_modules/@prisma/client/runtime/library.js:171:6358)\n' +
    '    at Pn.request (/Users/zyd/Documents/code/mine/express-blog/node_modules/@prisma/client/runtime/library.js:171:6237)',
  exception: true,
  date: 'Wed Jun 07 2023 23:22:36 GMT+0800 (中国标准时间)',
  process: {
    pid: 70778,
    uid: 501,
    gid: 20,
    cwd: '/Users/zyd/Documents/code/mine/express-blog',
    execPath: '/opt/homebrew/Cellar/node/20.2.0/bin/node',
    version: 'v20.2.0',
    argv: [
      '/Users/zyd/Documents/code/mine/express-blog/node_modules/.bin/ts-node',
      '/Users/zyd/Documents/code/mine/express-blog/src/app.ts'
    ],
    memoryUsage: {
      rss: 289013760,
      heapTotal: 190316544,
      heapUsed: 159994304,
      external: 5247888,
      arrayBuffers: 2531265
    }
  },
  os: {
    loadavg: [ 1.65576171875, 1.5830078125, 1.5791015625 ],
    uptime: 1908884
  },
  trace: [
    {
      column: 6929,
      file: '/Users/zyd/Documents/code/mine/express-blog/node_modules/@prisma/client/runtime/library.js',
      function: 'Pn.handleRequestError',
      line: 171,
      method: 'handleRequestError',
      native: false
    },
    {
      column: 6358,
      file: '/Users/zyd/Documents/code/mine/express-blog/node_modules/@prisma/client/runtime/library.js',
      function: 'Pn.handleAndLogRequestError',
      line: 171,
      method: 'handleAndLogRequestError',
      native: false
    },
    {
      column: 6237,
      file: '/Users/zyd/Documents/code/mine/express-blog/node_modules/@prisma/client/runtime/library.js',
      function: 'Pn.request',
      line: 171,
      method: 'request',
      native: false
    }
  ],
  timestamp: '2023-06-07T15:22:36.424Z'
}
