{
  error: PrismaClientKnownRequestError: 
  Invalid `db.article.update()` invocation in
  /Users/z/Documents/code/temp/blog-express/src/models/article.model.ts:52:27
  
    49 }
    50 
    51 public async update(id: number, data: Prisma.ArticleUpdateInput): Promise<Article> {
  → 52 	return await db.article.update(
  Unique constraint failed on the constraint: `PRIMARY`
      at Pn.handleRequestError (/Users/z/Documents/code/temp/blog-express/node_modules/@prisma/client/runtime/library.js:171:6929)
      at Pn.handleAndLogRequestError (/Users/z/Documents/code/temp/blog-express/node_modules/@prisma/client/runtime/library.js:171:6358)
      at Pn.request (/Users/z/Documents/code/temp/blog-express/node_modules/@prisma/client/runtime/library.js:171:6237) {
    code: 'P2002',
    clientVersion: '4.14.1',
    meta: { target: 'PRIMARY' }
  },
  level: 'error',
  message: 'unhandledRejection: \n' +
    'Invalid `db.article.update()` invocation in\n' +
    '/Users/z/Documents/code/temp/blog-express/src/models/article.model.ts:52:27\n' +
    '\n' +
    '  49 }\n' +
    '  50 \n' +
    '  51 public async update(id: number, data: Prisma.ArticleUpdateInput): Promise<Article> {\n' +
    '→ 52 \treturn await db.article.update(\n' +
    'Unique constraint failed on the constraint: `PRIMARY`\n' +
    'Error: \n' +
    'Invalid `db.article.update()` invocation in\n' +
    '/Users/z/Documents/code/temp/blog-express/src/models/article.model.ts:52:27\n' +
    '\n' +
    '  49 }\n' +
    '  50 \n' +
    '  51 public async update(id: number, data: Prisma.ArticleUpdateInput): Promise<Article> {\n' +
    '→ 52 \treturn await db.article.update(\n' +
    'Unique constraint failed on the constraint: `PRIMARY`\n' +
    '    at Pn.handleRequestError (/Users/z/Documents/code/temp/blog-express/node_modules/@prisma/client/runtime/library.js:171:6929)\n' +
    '    at Pn.handleAndLogRequestError (/Users/z/Documents/code/temp/blog-express/node_modules/@prisma/client/runtime/library.js:171:6358)\n' +
    '    at Pn.request (/Users/z/Documents/code/temp/blog-express/node_modules/@prisma/client/runtime/library.js:171:6237)',
  stack: 'Error: \n' +
    'Invalid `db.article.update()` invocation in\n' +
    '/Users/z/Documents/code/temp/blog-express/src/models/article.model.ts:52:27\n' +
    '\n' +
    '  49 }\n' +
    '  50 \n' +
    '  51 public async update(id: number, data: Prisma.ArticleUpdateInput): Promise<Article> {\n' +
    '→ 52 \treturn await db.article.update(\n' +
    'Unique constraint failed on the constraint: `PRIMARY`\n' +
    '    at Pn.handleRequestError (/Users/z/Documents/code/temp/blog-express/node_modules/@prisma/client/runtime/library.js:171:6929)\n' +
    '    at Pn.handleAndLogRequestError (/Users/z/Documents/code/temp/blog-express/node_modules/@prisma/client/runtime/library.js:171:6358)\n' +
    '    at Pn.request (/Users/z/Documents/code/temp/blog-express/node_modules/@prisma/client/runtime/library.js:171:6237)',
  exception: true,
  date: 'Wed Jun 07 2023 18:01:07 GMT+0800 (中国标准时间)',
  process: {
    pid: 28656,
    uid: 501,
    gid: 20,
    cwd: '/Users/z/Documents/code/temp/blog-express',
    execPath: '/usr/local/Cellar/node/18.4.0/bin/node',
    version: 'v18.4.0',
    argv: [
      '/Users/z/Documents/code/temp/blog-express/node_modules/.bin/ts-node',
      '/Users/z/Documents/code/temp/blog-express/src/app.ts'
    ],
    memoryUsage: {
      rss: 196087808,
      heapTotal: 136286208,
      heapUsed: 132663200,
      external: 2442287,
      arrayBuffers: 1122174
    }
  },
  os: { loadavg: [ 2.625, 3.3095703125, 3.08544921875 ], uptime: 112416 },
  trace: [
    {
      column: 6929,
      file: '/Users/z/Documents/code/temp/blog-express/node_modules/@prisma/client/runtime/library.js',
      function: 'Pn.handleRequestError',
      line: 171,
      method: 'handleRequestError',
      native: false
    },
    {
      column: 6358,
      file: '/Users/z/Documents/code/temp/blog-express/node_modules/@prisma/client/runtime/library.js',
      function: 'Pn.handleAndLogRequestError',
      line: 171,
      method: 'handleAndLogRequestError',
      native: false
    },
    {
      column: 6237,
      file: '/Users/z/Documents/code/temp/blog-express/node_modules/@prisma/client/runtime/library.js',
      function: 'Pn.request',
      line: 171,
      method: 'request',
      native: false
    }
  ],
  timestamp: '2023-06-07T10:01:07.409Z'
}
{
  error: PrismaClientKnownRequestError: 
  Invalid `db.article.update()` invocation in
  /Users/z/Documents/code/temp/blog-express/src/models/article.model.ts:52:27
  
    49 }
    50 
    51 public async update(id: number, data: Prisma.ArticleUpdateInput): Promise<Article> {
  → 52 	return await db.article.update(
  Unique constraint failed on the constraint: `PRIMARY`
      at Pn.handleRequestError (/Users/z/Documents/code/temp/blog-express/node_modules/@prisma/client/runtime/library.js:171:6929)
      at Pn.handleAndLogRequestError (/Users/z/Documents/code/temp/blog-express/node_modules/@prisma/client/runtime/library.js:171:6358)
      at Pn.request (/Users/z/Documents/code/temp/blog-express/node_modules/@prisma/client/runtime/library.js:171:6237) {
    code: 'P2002',
    clientVersion: '4.14.1',
    meta: { target: 'PRIMARY' }
  },
  level: 'error',
  message: 'unhandledRejection: \n' +
    'Invalid `db.article.update()` invocation in\n' +
    '/Users/z/Documents/code/temp/blog-express/src/models/article.model.ts:52:27\n' +
    '\n' +
    '  49 }\n' +
    '  50 \n' +
    '  51 public async update(id: number, data: Prisma.ArticleUpdateInput): Promise<Article> {\n' +
    '→ 52 \treturn await db.article.update(\n' +
    'Unique constraint failed on the constraint: `PRIMARY`\n' +
    'Error: \n' +
    'Invalid `db.article.update()` invocation in\n' +
    '/Users/z/Documents/code/temp/blog-express/src/models/article.model.ts:52:27\n' +
    '\n' +
    '  49 }\n' +
    '  50 \n' +
    '  51 public async update(id: number, data: Prisma.ArticleUpdateInput): Promise<Article> {\n' +
    '→ 52 \treturn await db.article.update(\n' +
    'Unique constraint failed on the constraint: `PRIMARY`\n' +
    '    at Pn.handleRequestError (/Users/z/Documents/code/temp/blog-express/node_modules/@prisma/client/runtime/library.js:171:6929)\n' +
    '    at Pn.handleAndLogRequestError (/Users/z/Documents/code/temp/blog-express/node_modules/@prisma/client/runtime/library.js:171:6358)\n' +
    '    at Pn.request (/Users/z/Documents/code/temp/blog-express/node_modules/@prisma/client/runtime/library.js:171:6237)',
  stack: 'Error: \n' +
    'Invalid `db.article.update()` invocation in\n' +
    '/Users/z/Documents/code/temp/blog-express/src/models/article.model.ts:52:27\n' +
    '\n' +
    '  49 }\n' +
    '  50 \n' +
    '  51 public async update(id: number, data: Prisma.ArticleUpdateInput): Promise<Article> {\n' +
    '→ 52 \treturn await db.article.update(\n' +
    'Unique constraint failed on the constraint: `PRIMARY`\n' +
    '    at Pn.handleRequestError (/Users/z/Documents/code/temp/blog-express/node_modules/@prisma/client/runtime/library.js:171:6929)\n' +
    '    at Pn.handleAndLogRequestError (/Users/z/Documents/code/temp/blog-express/node_modules/@prisma/client/runtime/library.js:171:6358)\n' +
    '    at Pn.request (/Users/z/Documents/code/temp/blog-express/node_modules/@prisma/client/runtime/library.js:171:6237)',
  exception: true,
  date: 'Wed Jun 07 2023 18:01:07 GMT+0800 (中国标准时间)',
  process: {
    pid: 28656,
    uid: 501,
    gid: 20,
    cwd: '/Users/z/Documents/code/temp/blog-express',
    execPath: '/usr/local/Cellar/node/18.4.0/bin/node',
    version: 'v18.4.0',
    argv: [
      '/Users/z/Documents/code/temp/blog-express/node_modules/.bin/ts-node',
      '/Users/z/Documents/code/temp/blog-express/src/app.ts'
    ],
    memoryUsage: {
      rss: 196087808,
      heapTotal: 136286208,
      heapUsed: 132663200,
      external: 2442287,
      arrayBuffers: 1122174
    }
  },
  os: { loadavg: [ 2.625, 3.3095703125, 3.08544921875 ], uptime: 112416 },
  trace: [
    {
      column: 6929,
      file: '/Users/z/Documents/code/temp/blog-express/node_modules/@prisma/client/runtime/library.js',
      function: 'Pn.handleRequestError',
      line: 171,
      method: 'handleRequestError',
      native: false
    },
    {
      column: 6358,
      file: '/Users/z/Documents/code/temp/blog-express/node_modules/@prisma/client/runtime/library.js',
      function: 'Pn.handleAndLogRequestError',
      line: 171,
      method: 'handleAndLogRequestError',
      native: false
    },
    {
      column: 6237,
      file: '/Users/z/Documents/code/temp/blog-express/node_modules/@prisma/client/runtime/library.js',
      function: 'Pn.request',
      line: 171,
      method: 'request',
      native: false
    }
  ],
  timestamp: '2023-06-07T10:01:07.409Z'
}
{
  error: PrismaClientKnownRequestError: 
  Invalid `db.article.update()` invocation in
  /Users/z/Documents/code/temp/blog-express/src/models/article.model.ts:52:27
  
    49 }
    50 
    51 public async update(id: number, data: Prisma.ArticleUpdateInput): Promise<Article> {
  → 52 	return await db.article.update(
  Unique constraint failed on the constraint: `PRIMARY`
      at Pn.handleRequestError (/Users/z/Documents/code/temp/blog-express/node_modules/@prisma/client/runtime/library.js:171:6929)
      at Pn.handleAndLogRequestError (/Users/z/Documents/code/temp/blog-express/node_modules/@prisma/client/runtime/library.js:171:6358)
      at Pn.request (/Users/z/Documents/code/temp/blog-express/node_modules/@prisma/client/runtime/library.js:171:6237) {
    code: 'P2002',
    clientVersion: '4.14.1',
    meta: { target: 'PRIMARY' }
  },
  level: 'error',
  message: 'unhandledRejection: \n' +
    'Invalid `db.article.update()` invocation in\n' +
    '/Users/z/Documents/code/temp/blog-express/src/models/article.model.ts:52:27\n' +
    '\n' +
    '  49 }\n' +
    '  50 \n' +
    '  51 public async update(id: number, data: Prisma.ArticleUpdateInput): Promise<Article> {\n' +
    '→ 52 \treturn await db.article.update(\n' +
    'Unique constraint failed on the constraint: `PRIMARY`\n' +
    'Error: \n' +
    'Invalid `db.article.update()` invocation in\n' +
    '/Users/z/Documents/code/temp/blog-express/src/models/article.model.ts:52:27\n' +
    '\n' +
    '  49 }\n' +
    '  50 \n' +
    '  51 public async update(id: number, data: Prisma.ArticleUpdateInput): Promise<Article> {\n' +
    '→ 52 \treturn await db.article.update(\n' +
    'Unique constraint failed on the constraint: `PRIMARY`\n' +
    '    at Pn.handleRequestError (/Users/z/Documents/code/temp/blog-express/node_modules/@prisma/client/runtime/library.js:171:6929)\n' +
    '    at Pn.handleAndLogRequestError (/Users/z/Documents/code/temp/blog-express/node_modules/@prisma/client/runtime/library.js:171:6358)\n' +
    '    at Pn.request (/Users/z/Documents/code/temp/blog-express/node_modules/@prisma/client/runtime/library.js:171:6237)',
  stack: 'Error: \n' +
    'Invalid `db.article.update()` invocation in\n' +
    '/Users/z/Documents/code/temp/blog-express/src/models/article.model.ts:52:27\n' +
    '\n' +
    '  49 }\n' +
    '  50 \n' +
    '  51 public async update(id: number, data: Prisma.ArticleUpdateInput): Promise<Article> {\n' +
    '→ 52 \treturn await db.article.update(\n' +
    'Unique constraint failed on the constraint: `PRIMARY`\n' +
    '    at Pn.handleRequestError (/Users/z/Documents/code/temp/blog-express/node_modules/@prisma/client/runtime/library.js:171:6929)\n' +
    '    at Pn.handleAndLogRequestError (/Users/z/Documents/code/temp/blog-express/node_modules/@prisma/client/runtime/library.js:171:6358)\n' +
    '    at Pn.request (/Users/z/Documents/code/temp/blog-express/node_modules/@prisma/client/runtime/library.js:171:6237)',
  exception: true,
  date: 'Wed Jun 07 2023 18:01:07 GMT+0800 (中国标准时间)',
  process: {
    pid: 28656,
    uid: 501,
    gid: 20,
    cwd: '/Users/z/Documents/code/temp/blog-express',
    execPath: '/usr/local/Cellar/node/18.4.0/bin/node',
    version: 'v18.4.0',
    argv: [
      '/Users/z/Documents/code/temp/blog-express/node_modules/.bin/ts-node',
      '/Users/z/Documents/code/temp/blog-express/src/app.ts'
    ],
    memoryUsage: {
      rss: 196087808,
      heapTotal: 136286208,
      heapUsed: 132663200,
      external: 2442287,
      arrayBuffers: 1122174
    }
  },
  os: { loadavg: [ 2.625, 3.3095703125, 3.08544921875 ], uptime: 112416 },
  trace: [
    {
      column: 6929,
      file: '/Users/z/Documents/code/temp/blog-express/node_modules/@prisma/client/runtime/library.js',
      function: 'Pn.handleRequestError',
      line: 171,
      method: 'handleRequestError',
      native: false
    },
    {
      column: 6358,
      file: '/Users/z/Documents/code/temp/blog-express/node_modules/@prisma/client/runtime/library.js',
      function: 'Pn.handleAndLogRequestError',
      line: 171,
      method: 'handleAndLogRequestError',
      native: false
    },
    {
      column: 6237,
      file: '/Users/z/Documents/code/temp/blog-express/node_modules/@prisma/client/runtime/library.js',
      function: 'Pn.request',
      line: 171,
      method: 'request',
      native: false
    }
  ],
  timestamp: '2023-06-07T10:01:07.409Z'
}
